<?xml version="1.0" encoding="utf-8"?>
<?xml-stylesheet type="text/xsl" href="../assets/xml/rss.xsl" media="all"?><rss version="2.0" xmlns:dc="http://purl.org/dc/elements/1.1/" xmlns:atom="http://www.w3.org/2005/Atom"><channel><title>Joep Schuurkes (Posts about test reporting)</title><link>https://smallsheds.garden/</link><description></description><atom:link href="https://smallsheds.garden/categories/test-reporting.xml" rel="self" type="application/rss+xml"></atom:link><language>en</language><copyright>Contents © 2024 &lt;a href="mailto:site@joep.slmail.me"&gt;Joep Schuurkes&lt;/a&gt; 
&lt;a href="https://creativecommons.org/licenses/by/4.0/" rel="nofollow" target="_blank"&gt;
&lt;img alt="Creative Commons License" style="border-width:0;margin: 0px 0px 0px 0px" src="https://licensebuttons.net/l/by/4.0/80x15.png" /&gt;
&lt;/a&gt;
</copyright><lastBuildDate>Fri, 18 Oct 2024 15:13:54 GMT</lastBuildDate><generator>Nikola (getnikola.com)</generator><docs>http://blogs.law.harvard.edu/tech/rss</docs><item><title>Why your Product Risk Analysis isn't</title><link>https://smallsheds.garden/blog/2013/why-your-product-risk-analysis-isnt/</link><dc:creator>Joep Schuurkes</dc:creator><description>&lt;div&gt;&lt;p&gt;Ok, going to try to keep this short and ranty (rantish?).&lt;/p&gt;
&lt;p&gt;Typical test advice is to do a Product Risk Analysis (PRA, mind the capitalisation!) and based on that you decide what to test and how thoroughly. The most common way to do a PRA is with a workshop. Put some people in a room with a lot of stickies, let them list all the risks they can think of and then have them score them. Et voilà, Product Risk Analysis is done!&lt;/p&gt;
&lt;p&gt;But that doesn't really make sense, now does it? If someone were to give you an object and asked you "What could possibly go wrong with this?", what would you do? Gather a bunch of people with some knowledge of the object, yet no actual experience with it and do a workshop imagining things that could go wrong? That's not an Analysis (capital A!), that's a SWAG – a scientific wild ass guess.&lt;/p&gt;
&lt;p&gt;&lt;a href="https://smallsheds.garden/blog/2013/why-your-product-risk-analysis-isnt/"&gt;Read more…&lt;/a&gt; (1 min remaining to read)&lt;/p&gt;&lt;/div&gt;</description><category>test management</category><category>test reporting</category><category>test strategy</category><guid>https://smallsheds.garden/blog/2013/why-your-product-risk-analysis-isnt/</guid><pubDate>Sun, 23 Jun 2013 12:34:36 GMT</pubDate></item></channel></rss>