<?xml version="1.0" encoding="utf-8"?>
<?xml-stylesheet type="text/xsl" href="../assets/xml/rss.xsl" media="all"?><rss version="2.0" xmlns:dc="http://purl.org/dc/elements/1.1/" xmlns:atom="http://www.w3.org/2005/Atom"><channel><title>Joep Schuurkes (Posts about test management)</title><link>https://j19sch.github.io/</link><description></description><atom:link href="https://j19sch.github.io/categories/test-management.xml" rel="self" type="application/rss+xml"></atom:link><language>en</language><copyright>Contents © 2021 &lt;a href="mailto:j19sch@gmail.com"&gt;Joep Schuurkes&lt;/a&gt; 
&lt;a href="http://creativecommons.org/licenses/by/4.0/"&gt;
&lt;img alt="Creative Commons License" style="border-width:0;margin: 0px 0px 0px 0px" src="https://i.creativecommons.org/l/by/4.0/80x15.png" /&gt;
&lt;/a&gt;
</copyright><lastBuildDate>Sun, 21 Mar 2021 15:33:03 GMT</lastBuildDate><generator>Nikola (getnikola.com)</generator><docs>http://blogs.law.harvard.edu/tech/rss</docs><item><title>It's time to retire our test case management tools</title><link>https://j19sch.github.io/blog/2020/its-time-to-retire-our-test-case-management-tools/</link><dc:creator>Joep Schuurkes</dc:creator><description>&lt;div&gt;&lt;p&gt;Recently the topic of test case management tools popped up a few times in my surroundings. In almost all cases I'd recommend against using these kinds of tools and I found myself able to give a few reasons, but also found that my thoughts lacked the clarity I'd like them to have. Hence this blog post, to force myself to think more deeply and communicate more clearly.&lt;/p&gt;
&lt;p&gt;Before I go into that, there are a few things this blog post is not about. I won't be really going into what effect test cases have on test execution, or rather if test cases are a good tool to use when doing actual testing. Personally I don't think they are and I wrote about my inability to use them in &lt;a href="https://testingcurve.wordpress.com/2013/07/06/test-cases-cant-do-m-no-more/"&gt;this post from July 2013&lt;/a&gt;. For some deeper thoughts on this, I recommend James Bach's and Aaron Hodder's article "&lt;a href="https://www.testingcircus.com/documents/TestingTrapeze-2014-February.pdf#page=31"&gt;Test cases are not testing: Towards a culture of test performance&lt;/a&gt;".&lt;/p&gt;
&lt;p&gt;What I do want to cover in this post is managing test cases. Having a collection of test cases stored somewhere to re-use across releases and reporting their pass/fail numbers. Both are important use cases for a test case management tool and both are in my opinion a bad idea.&lt;/p&gt;
&lt;p&gt;&lt;a href="https://j19sch.github.io/blog/2020/its-time-to-retire-our-test-case-management-tools/"&gt;Read more…&lt;/a&gt; (12 min remaining to read)&lt;/p&gt;&lt;/div&gt;</description><category>test cases</category><category>test management</category><category>tools</category><guid>https://j19sch.github.io/blog/2020/its-time-to-retire-our-test-case-management-tools/</guid><pubDate>Sun, 19 Jul 2020 14:38:17 GMT</pubDate></item><item><title>Test strategy primer</title><link>https://j19sch.github.io/blog/2019/test-strategy-primer/</link><dc:creator>Joep Schuurkes</dc:creator><description>&lt;div&gt;&lt;p&gt;&lt;em&gt;I originally wrote this primer to share with people at work. The first section is intended to be generally applicable; the second not necessarily so. The main influences on this primer are:&lt;/em&gt;&lt;br&gt;
&lt;em&gt;- Rapid Software Testing's &lt;a href="https://www.satisfice.com/tools/htsm.pdf"&gt;Heuristic Test Strategy Model&lt;/a&gt;&lt;/em&gt;&lt;br&gt;
&lt;em&gt;- James Lyndsay's &lt;a href="http://www.workroom-productions.com/papers/Exploration%20and%20Strategy.pdf"&gt;Why Exploration has a place in any Strategy&lt;/a&gt;&lt;/em&gt;&lt;br&gt;
&lt;em&gt;- Rikard Edgren's &lt;a href="http://www.thetesteye.com/papers/TheLittleBlackBookOnTestDesign.pdf"&gt;Little Black Book on Test Design&lt;/a&gt;&lt;/em&gt;&lt;/p&gt;
&lt;p&gt;This document contains two sections:&lt;/p&gt;
&lt;ul&gt;
&lt;li&gt;Why have a test strategy? - what is a test strategy and what's its purpose&lt;/li&gt;
&lt;li&gt;Test strategy checklist - checklist for describing your test strategy&lt;/li&gt;
&lt;/ul&gt;
&lt;h3&gt;Why have a test strategy?&lt;/h3&gt;
&lt;p&gt;The purpose of a test strategy is to answer the question: "How do we know that what we are building, is good enough?" As such, every team has a test strategy, even if it's only implicitly defined through the actions of the team members.&lt;/p&gt;
&lt;p&gt;&lt;a href="https://j19sch.github.io/blog/2019/test-strategy-primer/"&gt;Read more…&lt;/a&gt; (3 min remaining to read)&lt;/p&gt;&lt;/div&gt;</description><category>context-driven testing</category><category>test management</category><category>test strategy</category><guid>https://j19sch.github.io/blog/2019/test-strategy-primer/</guid><pubDate>Tue, 29 Jan 2019 20:34:19 GMT</pubDate></item></channel></rss>